<?xml version="1.0" encoding="UTF-8"?>
<testng-results skipped="0" failed="0" ignored="0" total="2" passed="2">
  <reporter-output>
  </reporter-output>
  <suite name="Basic Suite1" duration-ms="1156" started-at="2017-08-05T07:05:08Z" finished-at="2017-08-05T07:05:09Z">
    <groups>
    </groups>
    <test name="Read and Write Excel Data" duration-ms="1156" started-at="2017-08-05T07:05:08Z" finished-at="2017-08-05T07:05:09Z">
      <class name="selenium.testNG.ExcelData">
        <test-method status="PASS" signature="ReadData(java.lang.String)[pri:1, instance:selenium.testNG.ExcelData@59f99ea]" name="ReadData" duration-ms="906" started-at="2017-08-05T12:35:08Z" finished-at="2017-08-05T12:35:09Z">
          <params>
            <param index="0">
              <value>
                <![CDATA[./Resources/Data/TestData.xlsx]]>
              </value>
            </param>
          </params>
          <reporter-output>
          </reporter-output>
        </test-method> <!-- ReadData -->
        <test-method status="PASS" signature="WriteData(java.lang.String)[pri:2, instance:selenium.testNG.ExcelData@59f99ea]" name="WriteData" duration-ms="218" started-at="2017-08-05T12:35:09Z" finished-at="2017-08-05T12:35:09Z">
          <params>
            <param index="0">
              <value>
                <![CDATA[./Resources/Data/TestData.xlsx]]>
              </value>
            </param>
          </params>
          <reporter-output>
          </reporter-output>
        </test-method> <!-- WriteData -->
      </class> <!-- selenium.testNG.ExcelData -->
    </test> <!-- Read and Write Excel Data -->
  </suite> <!-- Basic Suite1 -->
</testng-results>
