<?xml version="1.0" encoding="UTF-8"?>
<!-- Generated by org.testng.reporters.JUnitXMLReporter -->
<testsuite hostname="Krishna-Lenovo" ignored="1" name="Basic Test1" tests="6" failures="0" timestamp="01 Aug 2017 13:10:47 GMT" time="0.132" errors="0">
  <testcase name="PrintData" time="0.011" classname="selenium.testNG.TestNG_DataProvider"/>
  <testcase name="PrintData" time="0.003" classname="selenium.testNG.TestNG_DataProvider"/>
  <testcase name="PrintData" time="0.002" classname="selenium.testNG.TestNG_DataProvider"/>
  <testcase name="abc" time="0.002" classname="selenium.testNG.TestNG_Annotations"/>
  <testcase name="def" time="0.002" classname="selenium.testNG.TestNG_Annotations"/>
  <testcase name="jkl" time="0.002" classname="selenium.testNG.TestNG_Annotations"/>
  <testcase name="ghi" time="0.0" classname="selenium.testNG.TestNG_Annotations">
    <ignored/>
  </testcase> <!-- ghi -->
</testsuite> <!-- Basic Test1 -->
