<?xml version="1.0" encoding="UTF-8"?>
<!-- Generated by org.testng.reporters.JUnitXMLReporter -->
<testsuite hostname="Krishna-Lenovo" ignored="1" name="Testing DataProvider" tests="3" failures="0" timestamp="02 Aug 2017 05:51:09 GMT" time="0.03" errors="0">
  <testcase name="WriteData" time="0.002" classname="selenium.testNG.TestNG_DataProvider"/>
  <testcase name="WriteData" time="0.005" classname="selenium.testNG.TestNG_DataProvider"/>
  <testcase name="WriteData" time="0.002" classname="selenium.testNG.TestNG_DataProvider"/>
  <testcase name="PrintData" time="0.0" classname="selenium.testNG.TestNG_DataProvider">
    <ignored/>
  </testcase> <!-- PrintData -->
</testsuite> <!-- Testing DataProvider -->
