<?xml version="1.0" encoding="UTF-8"?>
<!-- Generated by org.testng.reporters.JUnitXMLReporter -->
<testsuite hostname="Krishna-Lenovo" ignored="3" name="Testing Anotations" tests="1" failures="0" timestamp="02 Aug 2017 05:51:09 GMT" time="0.047" errors="0">
  <testcase name="abc" time="0.015" classname="selenium.testNG.TestNG_Annotations"/>
  <testcase name="def" time="0.0" classname="selenium.testNG.TestNG_Annotations">
    <ignored/>
  </testcase> <!-- def -->
  <testcase name="jkl" time="0.0" classname="selenium.testNG.TestNG_Annotations">
    <ignored/>
  </testcase> <!-- jkl -->
  <testcase name="ghi" time="0.0" classname="selenium.testNG.TestNG_Annotations">
    <ignored/>
  </testcase> <!-- ghi -->
</testsuite> <!-- Testing Anotations -->
